<?xml version="1.0" encoding="UTF-8"?>
<testng-results skipped="0" failed="0" ignored="0" total="6" passed="6">
  <reporter-output>
  </reporter-output>
  <suite name="eBayAppTest" duration-ms="114051" started-at="2019-05-19T23:52:40Z" finished-at="2019-05-19T23:54:34Z">
    <groups>
    </groups>
    <test name="TvPurchaseTestCase" duration-ms="114051" started-at="2019-05-19T23:52:40Z" finished-at="2019-05-19T23:54:34Z">
      <class name="com.ebaytvshopping.testcases.TC_PurchaseTv">
        <test-method status="PASS" signature="basesetup()[pri:0, instance:com.ebaytvshopping.testcases.TC_PurchaseTv@174d20a]" name="basesetup" is-config="true" duration-ms="30235" started-at="2019-05-19T23:52:40Z" finished-at="2019-05-19T23:53:10Z">
          <reporter-output>
          </reporter-output>
        </test-method> <!-- basesetup -->
        <test-method status="PASS" signature="initObjects()[pri:0, instance:com.ebaytvshopping.testcases.TC_PurchaseTv@174d20a]" name="initObjects" is-config="true" duration-ms="925" started-at="2019-05-19T23:53:10Z" finished-at="2019-05-19T23:53:11Z">
          <reporter-output>
          </reporter-output>
        </test-method> <!-- initObjects -->
        <test-method status="PASS" signature="launchApp()[pri:1, instance:com.ebaytvshopping.testcases.TC_PurchaseTv@174d20a]" name="launchApp" duration-ms="485" started-at="2019-05-19T23:53:11Z" finished-at="2019-05-19T23:53:12Z">
          <reporter-output>
          </reporter-output>
        </test-method> <!-- launchApp -->
        <test-method status="PASS" signature="goToSignIn()[pri:2, instance:com.ebaytvshopping.testcases.TC_PurchaseTv@174d20a]" name="goToSignIn" duration-ms="1141" started-at="2019-05-19T23:53:12Z" depends-on-methods="com.ebaytvshopping.testcases.TC_PurchaseTv.launchApp" finished-at="2019-05-19T23:53:13Z">
          <reporter-output>
          </reporter-output>
        </test-method> <!-- goToSignIn -->
        <test-method status="PASS" signature="signInToApp()[pri:3, instance:com.ebaytvshopping.testcases.TC_PurchaseTv@174d20a]" name="signInToApp" duration-ms="20055" started-at="2019-05-19T23:53:13Z" depends-on-methods="com.ebaytvshopping.testcases.TC_PurchaseTv.goToSignIn" finished-at="2019-05-19T23:53:33Z">
          <reporter-output>
          </reporter-output>
        </test-method> <!-- signInToApp -->
        <test-method status="PASS" signature="searchAndSelectItem()[pri:4, instance:com.ebaytvshopping.testcases.TC_PurchaseTv@174d20a]" name="searchAndSelectItem" duration-ms="20332" started-at="2019-05-19T23:53:33Z" depends-on-methods="com.ebaytvshopping.testcases.TC_PurchaseTv.signInToApp" finished-at="2019-05-19T23:53:53Z">
          <reporter-output>
          </reporter-output>
        </test-method> <!-- searchAndSelectItem -->
        <test-method status="PASS" signature="cartActions()[pri:5, instance:com.ebaytvshopping.testcases.TC_PurchaseTv@174d20a]" name="cartActions" duration-ms="11909" started-at="2019-05-19T23:53:53Z" depends-on-methods="com.ebaytvshopping.testcases.TC_PurchaseTv.searchAndSelectItem" finished-at="2019-05-19T23:54:05Z">
          <reporter-output>
          </reporter-output>
        </test-method> <!-- cartActions -->
        <test-method status="PASS" signature="doCheckOut()[pri:6, instance:com.ebaytvshopping.testcases.TC_PurchaseTv@174d20a]" name="doCheckOut" duration-ms="5342" started-at="2019-05-19T23:54:05Z" depends-on-methods="com.ebaytvshopping.testcases.TC_PurchaseTv.cartActions" finished-at="2019-05-19T23:54:10Z">
          <reporter-output>
          </reporter-output>
        </test-method> <!-- doCheckOut -->
        <test-method status="PASS" signature="clearCart()[pri:0, instance:com.ebaytvshopping.testcases.TC_PurchaseTv@174d20a]" name="clearCart" is-config="true" duration-ms="20443" started-at="2019-05-19T23:54:10Z" finished-at="2019-05-19T23:54:31Z">
          <reporter-output>
          </reporter-output>
        </test-method> <!-- clearCart -->
        <test-method status="PASS" signature="endTest()[pri:0, instance:com.ebaytvshopping.testcases.TC_PurchaseTv@174d20a]" name="endTest" is-config="true" duration-ms="2805" started-at="2019-05-19T23:54:31Z" finished-at="2019-05-19T23:54:34Z">
          <reporter-output>
          </reporter-output>
        </test-method> <!-- endTest -->
      </class> <!-- com.ebaytvshopping.testcases.TC_PurchaseTv -->
    </test> <!-- TvPurchaseTestCase -->
  </suite> <!-- eBayAppTest -->
</testng-results>
