<?xml version="1.0" encoding="UTF-8"?>
<testsuite xmlns:xsi="http://www.w3.org/2001/XMLSchema-instance" xsi:noNamespaceSchemaLocation="https://maven.apache.org/surefire/maven-surefire-plugin/xsd/surefire-test-report.xsd" name="TestSuite" time="295.555" tests="8" errors="0" skipped="2" failures="2">
  <properties>
[...]
</properties>
  <testcase name="launchApp" classname="com.ebaytvshopping.testcases.TC_PurchaseTv" time="3.679"/>
  <testcase name="goToSignIn" classname="com.ebaytvshopping.testcases.TC_PurchaseTv" time="6.02"/>
  <testcase name="signInToApp" classname="com.ebaytvshopping.testcases.TC_PurchaseTv" time="55.306"/>
  <testcase name="searchAndSelectItem" classname="com.ebaytvshopping.testcases.TC_PurchaseTv" time="71.287"/>
  <testcase name="cartActions" classname="com.ebaytvshopping.testcases.TC_PurchaseTv" time="11.833">
    <failure message="Can&apos;t locate an element by this strategy: By.chained({By.xpath: //android.widget.TextView[@resource-id=&apos;com.ebay.mobile:id/textview_item_name&apos;]})" type="org.openqa.selenium.NoSuchElementException">org.openqa.selenium.NoSuchElementException: Can't locate an element by this strategy: By.chained({By.xpath: //android.widget.TextView[@resource-id='com.ebay.mobile:id/textview_item_name']})
	at com.ebaytvshopping.testcases.TC_PurchaseTv.cartActions(TC_PurchaseTv.java:97)
Caused by: org.openqa.selenium.TimeoutException: Expected condition failed: waiting for io.appium.java_client.pagefactory.AppiumElementLocator$WaitingFunction@21fd5faa (tried for 1 second(s) with 500 milliseconds interval)
	at com.ebaytvshopping.testcases.TC_PurchaseTv.cartActions(TC_PurchaseTv.java:97)
Caused by: org.openqa.selenium.NoSuchElementException: 
Cannot locate an element using By.chained({By.xpath: //android.widget.TextView[@resource-id='com.ebay.mobile:id/textview_item_name']})
For documentation on this error, please visit: https://www.seleniumhq.org/exceptions/no_such_element.html
Build info: version: '3.141.59', revision: 'e82be7d358', time: '2018-11-14T08:17:03'
System info: host: 'SB-GANAPATI01', ip: '192.168.0.7', os.name: 'Windows 7', os.arch: 'amd64', os.version: '6.1', java.version: '1.8.0_151'
Driver info: driver.version: AndroidDriver
	at com.ebaytvshopping.testcases.TC_PurchaseTv.cartActions(TC_PurchaseTv.java:97)
</failure>
  </testcase>
  <testcase name="doCheckOut" classname="com.ebaytvshopping.testcases.TC_PurchaseTv" time="0">
    <skipped message="Method TC_PurchaseTv.doCheckOut()[pri:6, instance:com.ebaytvshopping.testcases.TC_PurchaseTv@6a2bcfcb] depends on not successfully finished methods"/>
  </testcase>
  <testcase name="clearCart" classname="com.ebaytvshopping.testcases.TC_PurchaseTv" time="58.12">
    <failure message="Can&apos;t locate an element by this strategy: By.chained({By.id: com.ebay.mobile:id/remove_from_cart_button})" type="org.openqa.selenium.NoSuchElementException">org.openqa.selenium.NoSuchElementException: Can't locate an element by this strategy: By.chained({By.id: com.ebay.mobile:id/remove_from_cart_button})
	at com.ebaytvshopping.testcases.TC_PurchaseTv.clearCart(TC_PurchaseTv.java:133)
Caused by: org.openqa.selenium.TimeoutException: Expected condition failed: waiting for io.appium.java_client.pagefactory.AppiumElementLocator$WaitingFunction@6436a7db (tried for 1 second(s) with 500 milliseconds interval)
	at com.ebaytvshopping.testcases.TC_PurchaseTv.clearCart(TC_PurchaseTv.java:133)
Caused by: org.openqa.selenium.NoSuchElementException: 
Cannot locate an element using By.chained({By.id: com.ebay.mobile:id/remove_from_cart_button})
For documentation on this error, please visit: https://www.seleniumhq.org/exceptions/no_such_element.html
Build info: version: '3.141.59', revision: 'e82be7d358', time: '2018-11-14T08:17:03'
System info: host: 'SB-GANAPATI01', ip: '192.168.0.7', os.name: 'Windows 7', os.arch: 'amd64', os.version: '6.1', java.version: '1.8.0_151'
Driver info: driver.version: AndroidDriver
	at com.ebaytvshopping.testcases.TC_PurchaseTv.clearCart(TC_PurchaseTv.java:133)
</failure>
  </testcase>
  <testcase name="endTest" classname="com.ebaytvshopping.testcases.TC_PurchaseTv" time="0">
    <skipped/>
  </testcase>
</testsuite>