<?xml version="1.0" encoding="UTF-8"?>
<testng-results skipped="0" failed="0" ignored="0" total="6" passed="6">
  <reporter-output>
  </reporter-output>
  <suite name="Default suite" duration-ms="135049" started-at="2019-05-14T11:44:18Z" finished-at="2019-05-14T11:46:33Z">
    <groups>
    </groups>
    <test name="Default test" duration-ms="135049" started-at="2019-05-14T11:44:18Z" finished-at="2019-05-14T11:46:33Z">
      <class name="com.ebaytvshopping.testcases.TC_PurchaseTv">
        <test-method status="PASS" signature="basesetup()[pri:0, instance:com.ebaytvshopping.testcases.TC_PurchaseTv@59494225]" name="basesetup" is-config="true" duration-ms="52203" started-at="2019-05-14T11:44:18Z" finished-at="2019-05-14T11:45:10Z">
          <reporter-output>
          </reporter-output>
        </test-method> <!-- basesetup -->
        <test-method status="PASS" signature="initObjects()[pri:0, instance:com.ebaytvshopping.testcases.TC_PurchaseTv@59494225]" name="initObjects" is-config="true" duration-ms="1084" started-at="2019-05-14T11:45:10Z" finished-at="2019-05-14T11:45:11Z">
          <reporter-output>
          </reporter-output>
        </test-method> <!-- initObjects -->
        <test-method status="PASS" signature="launchApp()[pri:1, instance:com.ebaytvshopping.testcases.TC_PurchaseTv@59494225]" name="launchApp" duration-ms="533" started-at="2019-05-14T11:45:11Z" finished-at="2019-05-14T11:45:12Z">
          <reporter-output>
          </reporter-output>
        </test-method> <!-- launchApp -->
        <test-method status="PASS" signature="goToSignIn()[pri:2, instance:com.ebaytvshopping.testcases.TC_PurchaseTv@59494225]" name="goToSignIn" duration-ms="1201" started-at="2019-05-14T11:45:12Z" depends-on-methods="com.ebaytvshopping.testcases.TC_PurchaseTv.launchApp" finished-at="2019-05-14T11:45:13Z">
          <reporter-output>
          </reporter-output>
        </test-method> <!-- goToSignIn -->
        <test-method status="PASS" signature="signInToApp()[pri:3, instance:com.ebaytvshopping.testcases.TC_PurchaseTv@59494225]" name="signInToApp" duration-ms="20215" started-at="2019-05-14T11:45:13Z" depends-on-methods="com.ebaytvshopping.testcases.TC_PurchaseTv.goToSignIn" finished-at="2019-05-14T11:45:33Z">
          <reporter-output>
          </reporter-output>
        </test-method> <!-- signInToApp -->
        <test-method status="PASS" signature="searchAndSelectItem()[pri:4, instance:com.ebaytvshopping.testcases.TC_PurchaseTv@59494225]" name="searchAndSelectItem" duration-ms="19591" started-at="2019-05-14T11:45:33Z" depends-on-methods="com.ebaytvshopping.testcases.TC_PurchaseTv.signInToApp" finished-at="2019-05-14T11:45:53Z">
          <reporter-output>
          </reporter-output>
        </test-method> <!-- searchAndSelectItem -->
        <test-method status="PASS" signature="cartActions()[pri:5, instance:com.ebaytvshopping.testcases.TC_PurchaseTv@59494225]" name="cartActions" duration-ms="9843" started-at="2019-05-14T11:45:53Z" depends-on-methods="com.ebaytvshopping.testcases.TC_PurchaseTv.searchAndSelectItem" finished-at="2019-05-14T11:46:02Z">
          <reporter-output>
          </reporter-output>
        </test-method> <!-- cartActions -->
        <test-method status="PASS" signature="doCheckOut()[pri:6, instance:com.ebaytvshopping.testcases.TC_PurchaseTv@59494225]" name="doCheckOut" duration-ms="5928" started-at="2019-05-14T11:46:02Z" depends-on-methods="com.ebaytvshopping.testcases.TC_PurchaseTv.cartActions" finished-at="2019-05-14T11:46:08Z">
          <reporter-output>
          </reporter-output>
        </test-method> <!-- doCheckOut -->
        <test-method status="PASS" signature="clearCart()[pri:0, instance:com.ebaytvshopping.testcases.TC_PurchaseTv@59494225]" name="clearCart" is-config="true" duration-ms="20302" started-at="2019-05-14T11:46:08Z" finished-at="2019-05-14T11:46:29Z">
          <reporter-output>
          </reporter-output>
        </test-method> <!-- clearCart -->
        <test-method status="PASS" signature="endTest()[pri:0, instance:com.ebaytvshopping.testcases.TC_PurchaseTv@59494225]" name="endTest" is-config="true" duration-ms="4068" started-at="2019-05-14T11:46:29Z" finished-at="2019-05-14T11:46:33Z">
          <reporter-output>
          </reporter-output>
        </test-method> <!-- endTest -->
      </class> <!-- com.ebaytvshopping.testcases.TC_PurchaseTv -->
    </test> <!-- Default test -->
  </suite> <!-- Default suite -->
</testng-results>
