<?xml version="1.0" encoding="UTF-8"?>
<!-- Generated by org.testng.reporters.JUnitXMLReporter -->
<testsuite hostname="SB-GANAPATI01" ignored="0" name="Purchasing a TV with eBay app" tests="6" failures="0" timestamp="13 May 2019 01:46:40 GMT" time="130.683" errors="0">
  <testcase name="launchApp" time="0.446" classname="com.ebaytvshopping.testcases.TC_PurchaseTv"/>
  <testcase name="goToSignIn" time="1.918" classname="com.ebaytvshopping.testcases.TC_PurchaseTv"/>
  <testcase name="signInToApp" time="18.891" classname="com.ebaytvshopping.testcases.TC_PurchaseTv"/>
  <testcase name="searchAndSelectItem" time="26.172" classname="com.ebaytvshopping.testcases.TC_PurchaseTv"/>
  <testcase name="cartActions" time="11.832" classname="com.ebaytvshopping.testcases.TC_PurchaseTv"/>
  <testcase name="doCheckOut" time="6.331" classname="com.ebaytvshopping.testcases.TC_PurchaseTv"/>
</testsuite> <!-- Purchasing a TV with eBay app -->
