<?xml version="1.0" encoding="UTF-8"?>
<!-- Generated by org.testng.reporters.JUnitXMLReporter -->
<testsuite hostname="SB-GANAPATI01" ignored="0" name="TvPurchaseTestCase" tests="6" failures="0" timestamp="19 May 2019 15:28:26 GMT" time="107.523" errors="0">
  <testcase name="launchApp" time="0.537" classname="com.ebaytvshopping.testcases.TC_PurchaseTv"/>
  <testcase name="goToSignIn" time="1.166" classname="com.ebaytvshopping.testcases.TC_PurchaseTv"/>
  <testcase name="signInToApp" time="20.443" classname="com.ebaytvshopping.testcases.TC_PurchaseTv"/>
  <testcase name="searchAndSelectItem" time="19.925" classname="com.ebaytvshopping.testcases.TC_PurchaseTv"/>
  <testcase name="cartActions" time="11.027" classname="com.ebaytvshopping.testcases.TC_PurchaseTv"/>
  <testcase name="doCheckOut" time="5.103" classname="com.ebaytvshopping.testcases.TC_PurchaseTv"/>
</testsuite> <!-- TvPurchaseTestCase -->
